Autotested Results for p2 submitted by Won Jung (jungwon5), Stephen Luc (lucsteph), William Rutherford (ruther60)
Generated at 2016-12-04T16:14:17

Summary of Results: 7 out of 17 tests successfully passed
--

Tests for p2tester.DriverTest (7/17 passed)
--

1) the getItineraries(String date, String origin, String destination) method         
Several itineraries with one flight each, you find at least one                       .. ok!
2) the getFlights(String date, String origin, String destination) method             
	Single                                                                              
flight                                                                                .. ok!
3) the getClient(String email) method                                                 .. ok!
4) the getFlights(String date, String origin, String destination) method             
	Multiple                                                                            
flights, you find at least one                                                        .. ok!
5) the getClient(String email) method                                                 .. ok!
6) the getItineraries(String date, String origin, String destination) method         
Several itineraries with up to two flights, you find at least one                     .. ok!
7) the getItineraries(String date, String origin, String destination) method         
Several itineraries with up to three flights, you find at least one                   .. ok!
8) the getItinerariesSortedByCost(String date, String origin, String destination)    
method                                                                                .. failed
.. because Expected exactly three itineraries. (details below):

    java.lang.AssertionError: Expected exactly three itineraries.
    	at org.junit.Assert.fail(Assert.java:88)
    	at org.junit.Assert.assertTrue(Assert.java:41)
    	at p2tester.DriverTest.testGetItinerariesSortedByCost(DriverTest.java:377)
    	at sun.reflect.NativeMethodAccessorImpl.invoke0(Native Method)
    	at sun.reflect.NativeMethodAccessorImpl.invoke(NativeMethodAccessorImpl.java:62)
    	at sun.reflect.DelegatingMethodAccessorImpl.invoke(DelegatingMethodAccessorImpl.java:43)
    	at java.lang.reflect.Method.invoke(Method.java:498)
    	at org.junit.runners.model.FrameworkMethod$1.runReflectiveCall(FrameworkMethod.java:50)
    	at org.junit.internal.runners.model.ReflectiveCallable.run(ReflectiveCallable.java:12)
    	at org.junit.runners.model.FrameworkMethod.invokeExplosively(FrameworkMethod.java:47)
    	at org.junit.internal.runners.statements.InvokeMethod.evaluate(InvokeMethod.java:17)
    	at org.junit.internal.runners.statements.FailOnTimeout$CallableStatement.call(FailOnTimeout.java:298)
    	at org.junit.internal.runners.statements.FailOnTimeout$CallableStatement.call(FailOnTimeout.java:292)
    	at java.util.concurrent.FutureTask.run(FutureTask.java:266)
    	at java.lang.Thread.run(Thread.java:745)

9) the getItineraries(String date, String origin, String destination) method         
	One                                                                                 
itinerary with three flights                                                          .. failed
.. because getItineraries(String, String, String) didn't find any itineraries. (details below):

    java.lang.AssertionError: getItineraries(String, String, String) didn't find any itineraries.
    	at org.junit.Assert.fail(Assert.java:88)
    	at org.junit.Assert.assertTrue(Assert.java:41)
    	at org.junit.Assert.assertFalse(Assert.java:64)
    	at p2tester.DriverTest.testGetItinerariesSingleThreeHops(DriverTest.java:207)
    	at sun.reflect.NativeMethodAccessorImpl.invoke0(Native Method)
    	at sun.reflect.NativeMethodAccessorImpl.invoke(NativeMethodAccessorImpl.java:62)
    	at sun.reflect.DelegatingMethodAccessorImpl.invoke(DelegatingMethodAccessorImpl.java:43)
    	at java.lang.reflect.Method.invoke(Method.java:498)
    	at org.junit.runners.model.FrameworkMethod$1.runReflectiveCall(FrameworkMethod.java:50)
    	at org.junit.internal.runners.model.ReflectiveCallable.run(ReflectiveCallable.java:12)
    	at org.junit.runners.model.FrameworkMethod.invokeExplosively(FrameworkMethod.java:47)
    	at org.junit.internal.runners.statements.InvokeMethod.evaluate(InvokeMethod.java:17)
    	at org.junit.internal.runners.statements.FailOnTimeout$CallableStatement.call(FailOnTimeout.java:298)
    	at org.junit.internal.runners.statements.FailOnTimeout$CallableStatement.call(FailOnTimeout.java:292)
    	at java.util.concurrent.FutureTask.run(FutureTask.java:266)
    	at java.lang.Thread.run(Thread.java:745)

10) the getItinerariesSortedByTime(String date, String origin, String destination)    
method                                                                                .. failed
.. because Expected exactly three itineraries. (details below):

    java.lang.AssertionError: Expected exactly three itineraries.
    	at org.junit.Assert.fail(Assert.java:88)
    	at org.junit.Assert.assertTrue(Assert.java:41)
    	at p2tester.DriverTest.testGetItinerariesSortedByTime(DriverTest.java:400)
    	at sun.reflect.NativeMethodAccessorImpl.invoke0(Native Method)
    	at sun.reflect.NativeMethodAccessorImpl.invoke(NativeMethodAccessorImpl.java:62)
    	at sun.reflect.DelegatingMethodAccessorImpl.invoke(DelegatingMethodAccessorImpl.java:43)
    	at java.lang.reflect.Method.invoke(Method.java:498)
    	at org.junit.runners.model.FrameworkMethod$1.runReflectiveCall(FrameworkMethod.java:50)
    	at org.junit.internal.runners.model.ReflectiveCallable.run(ReflectiveCallable.java:12)
    	at org.junit.runners.model.FrameworkMethod.invokeExplosively(FrameworkMethod.java:47)
    	at org.junit.internal.runners.statements.InvokeMethod.evaluate(InvokeMethod.java:17)
    	at org.junit.internal.runners.statements.FailOnTimeout$CallableStatement.call(FailOnTimeout.java:298)
    	at org.junit.internal.runners.statements.FailOnTimeout$CallableStatement.call(FailOnTimeout.java:292)
    	at java.util.concurrent.FutureTask.run(FutureTask.java:266)
    	at java.lang.Thread.run(Thread.java:745)

11) the getItineraries(String date, String origin, String destination) method         
Several itineraries with up to two flights, you find at least one                     .. failed
.. because Expected exactly three itineraries. (details below):

    java.lang.AssertionError: Expected exactly three itineraries.
    	at org.junit.Assert.fail(Assert.java:88)
    	at org.junit.Assert.assertTrue(Assert.java:41)
    	at p2tester.DriverTest.testGetItinerariesMultipleTwoHopLimit(DriverTest.java:308)
    	at sun.reflect.NativeMethodAccessorImpl.invoke0(Native Method)
    	at sun.reflect.NativeMethodAccessorImpl.invoke(NativeMethodAccessorImpl.java:62)
    	at sun.reflect.DelegatingMethodAccessorImpl.invoke(DelegatingMethodAccessorImpl.java:43)
    	at java.lang.reflect.Method.invoke(Method.java:498)
    	at org.junit.runners.model.FrameworkMethod$1.runReflectiveCall(FrameworkMethod.java:50)
    	at org.junit.internal.runners.model.ReflectiveCallable.run(ReflectiveCallable.java:12)
    	at org.junit.runners.model.FrameworkMethod.invokeExplosively(FrameworkMethod.java:47)
    	at org.junit.internal.runners.statements.InvokeMethod.evaluate(InvokeMethod.java:17)
    	at org.junit.internal.runners.statements.FailOnTimeout$CallableStatement.call(FailOnTimeout.java:298)
    	at org.junit.internal.runners.statements.FailOnTimeout$CallableStatement.call(FailOnTimeout.java:292)
    	at java.util.concurrent.FutureTask.run(FutureTask.java:266)
    	at java.lang.Thread.run(Thread.java:745)

12) the getItineraries(String date, String origin, String destination) method         
Several itineraries with up to three flights, you find all                            .. failed
.. because Expected exactly two itineraries. (details below):

    java.lang.AssertionError: Expected exactly two itineraries.
    	at org.junit.Assert.fail(Assert.java:88)
    	at org.junit.Assert.assertTrue(Assert.java:41)
    	at p2tester.DriverTest.testGetItinerariesMultipleThreeHopLimit(DriverTest.java:356)
    	at sun.reflect.NativeMethodAccessorImpl.invoke0(Native Method)
    	at sun.reflect.NativeMethodAccessorImpl.invoke(NativeMethodAccessorImpl.java:62)
    	at sun.reflect.DelegatingMethodAccessorImpl.invoke(DelegatingMethodAccessorImpl.java:43)
    	at java.lang.reflect.Method.invoke(Method.java:498)
    	at org.junit.runners.model.FrameworkMethod$1.runReflectiveCall(FrameworkMethod.java:50)
    	at org.junit.internal.runners.model.ReflectiveCallable.run(ReflectiveCallable.java:12)
    	at org.junit.runners.model.FrameworkMethod.invokeExplosively(FrameworkMethod.java:47)
    	at org.junit.internal.runners.statements.InvokeMethod.evaluate(InvokeMethod.java:17)
    	at org.junit.internal.runners.statements.FailOnTimeout$CallableStatement.call(FailOnTimeout.java:298)
    	at org.junit.internal.runners.statements.FailOnTimeout$CallableStatement.call(FailOnTimeout.java:292)
    	at java.util.concurrent.FutureTask.run(FutureTask.java:266)
    	at java.lang.Thread.run(Thread.java:745)

13) the getItineraries(String date, String origin, String destination) method         
	One                                                                                 
itinerary with two flights                                                            .. failed
.. because Expected exactly one itinerary (details below):

    java.lang.AssertionError: Expected exactly one itinerary
    	at org.junit.Assert.fail(Assert.java:88)
    	at org.junit.Assert.assertTrue(Assert.java:41)
    	at p2tester.DriverTest.testGetItinerariesSingleTwoHops(DriverTest.java:191)
    	at sun.reflect.NativeMethodAccessorImpl.invoke0(Native Method)
    	at sun.reflect.NativeMethodAccessorImpl.invoke(NativeMethodAccessorImpl.java:62)
    	at sun.reflect.DelegatingMethodAccessorImpl.invoke(DelegatingMethodAccessorImpl.java:43)
    	at java.lang.reflect.Method.invoke(Method.java:498)
    	at org.junit.runners.model.FrameworkMethod$1.runReflectiveCall(FrameworkMethod.java:50)
    	at org.junit.internal.runners.model.ReflectiveCallable.run(ReflectiveCallable.java:12)
    	at org.junit.runners.model.FrameworkMethod.invokeExplosively(FrameworkMethod.java:47)
    	at org.junit.internal.runners.statements.InvokeMethod.evaluate(InvokeMethod.java:17)
    	at org.junit.internal.runners.statements.FailOnTimeout$CallableStatement.call(FailOnTimeout.java:298)
    	at org.junit.internal.runners.statements.FailOnTimeout$CallableStatement.call(FailOnTimeout.java:292)
    	at java.util.concurrent.FutureTask.run(FutureTask.java:266)
    	at java.lang.Thread.run(Thread.java:745)

14) the getFlights(String date, String origin, String destination) method             
	Flight                                                                              
arrives next day                                                                      .. failed
.. because Expected exactly one flight. (details below):

    java.lang.AssertionError: Expected exactly one flight.
    	at org.junit.Assert.fail(Assert.java:88)
    	at org.junit.Assert.assertTrue(Assert.java:41)
    	at p2tester.DriverTest.testGetFlightsLaterArrivalDate(DriverTest.java:153)
    	at sun.reflect.NativeMethodAccessorImpl.invoke0(Native Method)
    	at sun.reflect.NativeMethodAccessorImpl.invoke(NativeMethodAccessorImpl.java:62)
    	at sun.reflect.DelegatingMethodAccessorImpl.invoke(DelegatingMethodAccessorImpl.java:43)
    	at java.lang.reflect.Method.invoke(Method.java:498)
    	at org.junit.runners.model.FrameworkMethod$1.runReflectiveCall(FrameworkMethod.java:50)
    	at org.junit.internal.runners.model.ReflectiveCallable.run(ReflectiveCallable.java:12)
    	at org.junit.runners.model.FrameworkMethod.invokeExplosively(FrameworkMethod.java:47)
    	at org.junit.internal.runners.statements.InvokeMethod.evaluate(InvokeMethod.java:17)
    	at org.junit.internal.runners.statements.FailOnTimeout$CallableStatement.call(FailOnTimeout.java:298)
    	at org.junit.internal.runners.statements.FailOnTimeout$CallableStatement.call(FailOnTimeout.java:292)
    	at java.util.concurrent.FutureTask.run(FutureTask.java:266)
    	at java.lang.Thread.run(Thread.java:745)

15) the getFlights(String date, String origin, String destination) method             
	Multiple                                                                            
flights, you find all                                                                 .. failed
.. because Expected exactly 2 flights. (details below):

    java.lang.AssertionError: Expected exactly 2 flights.
    	at org.junit.Assert.fail(Assert.java:88)
    	at org.junit.Assert.assertTrue(Assert.java:41)
    	at p2tester.DriverTest.testGetFlightsMultiple(DriverTest.java:134)
    	at sun.reflect.NativeMethodAccessorImpl.invoke0(Native Method)
    	at sun.reflect.NativeMethodAccessorImpl.invoke(NativeMethodAccessorImpl.java:62)
    	at sun.reflect.DelegatingMethodAccessorImpl.invoke(DelegatingMethodAccessorImpl.java:43)
    	at java.lang.reflect.Method.invoke(Method.java:498)
    	at org.junit.runners.model.FrameworkMethod$1.runReflectiveCall(FrameworkMethod.java:50)
    	at org.junit.internal.runners.model.ReflectiveCallable.run(ReflectiveCallable.java:12)
    	at org.junit.runners.model.FrameworkMethod.invokeExplosively(FrameworkMethod.java:47)
    	at org.junit.internal.runners.statements.InvokeMethod.evaluate(InvokeMethod.java:17)
    	at org.junit.internal.runners.statements.FailOnTimeout$CallableStatement.call(FailOnTimeout.java:298)
    	at org.junit.internal.runners.statements.FailOnTimeout$CallableStatement.call(FailOnTimeout.java:292)
    	at java.util.concurrent.FutureTask.run(FutureTask.java:266)
    	at java.lang.Thread.run(Thread.java:745)

16) the getItineraries(String date, String origin, String destination) method         
Several itineraries with one flight each, you find all                                .. failed
.. because Expected exactly three itineraries. (details below):

    java.lang.AssertionError: Expected exactly three itineraries.
    	at org.junit.Assert.fail(Assert.java:88)
    	at org.junit.Assert.assertTrue(Assert.java:41)
    	at p2tester.DriverTest.testGetItinerariesMultipleSingleHopLimit(DriverTest.java:255)
    	at sun.reflect.NativeMethodAccessorImpl.invoke0(Native Method)
    	at sun.reflect.NativeMethodAccessorImpl.invoke(NativeMethodAccessorImpl.java:62)
    	at sun.reflect.DelegatingMethodAccessorImpl.invoke(DelegatingMethodAccessorImpl.java:43)
    	at java.lang.reflect.Method.invoke(Method.java:498)
    	at org.junit.runners.model.FrameworkMethod$1.runReflectiveCall(FrameworkMethod.java:50)
    	at org.junit.internal.runners.model.ReflectiveCallable.run(ReflectiveCallable.java:12)
    	at org.junit.runners.model.FrameworkMethod.invokeExplosively(FrameworkMethod.java:47)
    	at org.junit.internal.runners.statements.InvokeMethod.evaluate(InvokeMethod.java:17)
    	at org.junit.internal.runners.statements.FailOnTimeout$CallableStatement.call(FailOnTimeout.java:298)
    	at org.junit.internal.runners.statements.FailOnTimeout$CallableStatement.call(FailOnTimeout.java:292)
    	at java.util.concurrent.FutureTask.run(FutureTask.java:266)
    	at java.lang.Thread.run(Thread.java:745)

17) the getItineraries(String date, String origin, String destination) method         
	One                                                                                 
itinerary with one flight                                                             .. failed
.. because Expected exactly one itinerary (details below):

    java.lang.AssertionError: Expected exactly one itinerary
    	at org.junit.Assert.fail(Assert.java:88)
    	at org.junit.Assert.assertTrue(Assert.java:41)
    	at p2tester.DriverTest.testGetItinerariesSingleSingleHop(DriverTest.java:171)
    	at sun.reflect.NativeMethodAccessorImpl.invoke0(Native Method)
    	at sun.reflect.NativeMethodAccessorImpl.invoke(NativeMethodAccessorImpl.java:62)
    	at sun.reflect.DelegatingMethodAccessorImpl.invoke(DelegatingMethodAccessorImpl.java:43)
    	at java.lang.reflect.Method.invoke(Method.java:498)
    	at org.junit.runners.model.FrameworkMethod$1.runReflectiveCall(FrameworkMethod.java:50)
    	at org.junit.internal.runners.model.ReflectiveCallable.run(ReflectiveCallable.java:12)
    	at org.junit.runners.model.FrameworkMethod.invokeExplosively(FrameworkMethod.java:47)
    	at org.junit.internal.runners.statements.InvokeMethod.evaluate(InvokeMethod.java:17)
    	at org.junit.internal.runners.statements.FailOnTimeout$CallableStatement.call(FailOnTimeout.java:298)
    	at org.junit.internal.runners.statements.FailOnTimeout$CallableStatement.call(FailOnTimeout.java:292)
    	at java.util.concurrent.FutureTask.run(FutureTask.java:266)
    	at java.lang.Thread.run(Thread.java:745)



